[debug] [2018-10-20T08:50:06.102Z] ----------------------------------------------------------------------
[debug] [2018-10-20T08:50:06.103Z] Command:       /usr/bin/node /usr/bin/firebase serve
[debug] [2018-10-20T08:50:06.103Z] CLI Version:   5.0.1
[debug] [2018-10-20T08:50:06.104Z] Platform:      linux
[debug] [2018-10-20T08:50:06.104Z] Node Version:  v8.12.0
[debug] [2018-10-20T08:50:06.104Z] Time:          Sat Oct 20 2018 14:20:06 GMT+0530 (IST)
[debug] [2018-10-20T08:50:06.104Z] ----------------------------------------------------------------------
[debug] 
[debug] [2018-10-20T08:50:06.110Z] > command requires scopes: ["email","openid","https://www.googleapis.com/auth/cloudplatformprojects.readonly","https://www.googleapis.com/auth/firebase","https://www.googleapis.com/auth/cloud-platform"]
[debug] [2018-10-20T08:50:06.111Z] > authorizing via signed-in user
[debug] [2018-10-20T08:50:06.111Z] [iam] checking project primehackathon for permissions ["firebase.projects.get"]
[debug] [2018-10-20T08:50:06.112Z] >>> HTTP REQUEST POST https://cloudresourcemanager.googleapis.com/v1/projects/primehackathon:testIamPermissions  

[debug] [2018-10-20T08:50:09.422Z] <<< HTTP RESPONSE 200
[debug] [2018-10-20T08:50:09.423Z] >>> HTTP REQUEST GET https://cloudresourcemanager.googleapis.com/v1/projects/primehackathon  
 
[debug] [2018-10-20T08:50:12.789Z] <<< HTTP RESPONSE 200
[info] 
[info] === Serving from '/media/ankurcharan/EA84A99384A96335/Intel Inside/Web Dev/Techspardha/PrimeHackathon'...
[info] 
[info] i  functions: Preparing to emulate functions.
[debug] [2018-10-20T08:50:13.076Z] Fetching environment
[debug] [2018-10-20T08:50:13.077Z] >>> HTTP REQUEST GET https://mobilesdk-pa.googleapis.com/v1/projects/933711943569:getServerAppConfig  
 
[debug] [2018-10-20T08:50:13.078Z] >>> HTTP REQUEST GET https://mobilesdk-pa.googleapis.com/v1/projects/933711943569/clients/_:getWebAppConfig  
 
[debug] [2018-10-20T08:50:15.698Z] <<< HTTP RESPONSE 200
[debug] [2018-10-20T08:50:15.699Z] Starting @google-cloud/functions-emulator
[debug] [2018-10-20T08:50:15.714Z] <<< HTTP RESPONSE 200
[info] i  hosting: Serving hosting files from: public
[info] ✔  hosting: Local server: http://localhost:5000
[debug] [2018-10-20T08:50:16.734Z] Parsing function triggers
[info] ✔  functions: api: http://localhost:5001/primehackathon/us-central1/api
